<?xml version="1.0" encoding="UTF-8"?>
<testng-results ignored="0" total="1" passed="0" failed="1" skipped="0">
  <reporter-output>
  </reporter-output>
  <suite started-at="2024-04-16T09:51:14 IST" name="Suite" finished-at="2024-04-16T09:51:53 IST" duration-ms="39422">
    <groups>
    </groups>
    <test started-at="2024-04-16T09:51:14 IST" name="Test" finished-at="2024-04-16T09:51:53 IST" duration-ms="39422">
      <class name="com.priceFlipkrt.testScripts.flipkrt_price">
        <test-method is-config="true" signature="beforeSuite()[pri:0, instance:com.priceFlipkrt.testScripts.flipkrt_price@32eff876]" started-at="2024-04-16T09:51:13 IST" name="beforeSuite" finished-at="2024-04-16T09:51:14 IST" duration-ms="58" status="PASS">
          <reporter-output>
          </reporter-output>
        </test-method> <!-- beforeSuite -->
        <test-method is-config="true" signature="beforeTest()[pri:0, instance:com.priceFlipkrt.testScripts.flipkrt_price@32eff876]" started-at="2024-04-16T09:51:14 IST" name="beforeTest" finished-at="2024-04-16T09:51:14 IST" duration-ms="4" status="PASS">
          <reporter-output>
          </reporter-output>
        </test-method> <!-- beforeTest -->
        <test-method is-config="true" signature="beforeClss()[pri:0, instance:com.priceFlipkrt.testScripts.flipkrt_price@32eff876]" started-at="2024-04-16T09:51:14 IST" name="beforeClss" finished-at="2024-04-16T09:51:32 IST" duration-ms="18352" status="PASS">
          <reporter-output>
          </reporter-output>
        </test-method> <!-- beforeClss -->
        <test-method is-config="true" signature="beforeMethod()[pri:0, instance:com.priceFlipkrt.testScripts.flipkrt_price@32eff876]" started-at="2024-04-16T09:51:32 IST" name="beforeMethod" finished-at="2024-04-16T09:51:32 IST" duration-ms="4" status="PASS">
          <reporter-output>
          </reporter-output>
        </test-method> <!-- beforeMethod -->
        <test-method signature="flipkrtPrice()[pri:0, instance:com.priceFlipkrt.testScripts.flipkrt_price@32eff876]" started-at="2024-04-16T09:51:32 IST" name="flipkrtPrice" finished-at="2024-04-16T09:51:49 IST" duration-ms="16684" status="FAIL">
          <exception class="org.openqa.selenium.StaleElementReferenceException">
            <message>
              <![CDATA[stale element reference: stale element not found in the current frame
  (Session info: chrome=123.0.6312.106)
For documentation on this error, please visit: https://www.selenium.dev/documentation/webdriver/troubleshooting/errors#stale-element-reference-exception
Build info: version: '4.18.1', revision: 'b1d3319b48'
System info: os.name: 'Windows 10', os.arch: 'amd64', os.version: '10.0', java.version: '17.0.10'
Driver info: org.openqa.selenium.chrome.ChromeDriver
Command: [84ea5c2aaf1db28374674677d90c8a36, clickElement {id=f.8E57F38F9BFADD7206EC6623E041F41B.d.D0A4EA1C9258E75ECAF323F48195CC8F.e.15}]
Capabilities {acceptInsecureCerts: false, browserName: chrome, browserVersion: 123.0.6312.106, chrome: {chromedriverVersion: 123.0.6312.122 (31f8248cdd9..., userDataDir: C:\Users\Admin\AppData\Loca...}, fedcm:accounts: true, goog:chromeOptions: {debuggerAddress: localhost:59273}, networkConnectionEnabled: false, pageLoadStrategy: normal, platformName: windows, proxy: Proxy(), se:cdp: ws://localhost:59273/devtoo..., se:cdpVersion: 123.0.6312.106, setWindowRect: true, strictFileInteractability: false, timeouts: {implicit: 0, pageLoad: 300000, script: 30000}, unhandledPromptBehavior: dismiss and notify, webauthn:extension:credBlob: true, webauthn:extension:largeBlob: true, webauthn:extension:minPinLength: true, webauthn:extension:prf: true, webauthn:virtualAuthenticators: true}
Element: [[ChromeDriver: chrome on windows (84ea5c2aaf1db28374674677d90c8a36)] -> xpath: //button[text()='Add to cart']]
Session ID: 84ea5c2aaf1db28374674677d90c8a36]]>
            </message>
            <full-stacktrace>
              <![CDATA[org.openqa.selenium.StaleElementReferenceException: stale element reference: stale element not found in the current frame
  (Session info: chrome=123.0.6312.106)
For documentation on this error, please visit: https://www.selenium.dev/documentation/webdriver/troubleshooting/errors#stale-element-reference-exception
Build info: version: '4.18.1', revision: 'b1d3319b48'
System info: os.name: 'Windows 10', os.arch: 'amd64', os.version: '10.0', java.version: '17.0.10'
Driver info: org.openqa.selenium.chrome.ChromeDriver
Command: [84ea5c2aaf1db28374674677d90c8a36, clickElement {id=f.8E57F38F9BFADD7206EC6623E041F41B.d.D0A4EA1C9258E75ECAF323F48195CC8F.e.15}]
Capabilities {acceptInsecureCerts: false, browserName: chrome, browserVersion: 123.0.6312.106, chrome: {chromedriverVersion: 123.0.6312.122 (31f8248cdd9..., userDataDir: C:\Users\Admin\AppData\Loca...}, fedcm:accounts: true, goog:chromeOptions: {debuggerAddress: localhost:59273}, networkConnectionEnabled: false, pageLoadStrategy: normal, platformName: windows, proxy: Proxy(), se:cdp: ws://localhost:59273/devtoo..., se:cdpVersion: 123.0.6312.106, setWindowRect: true, strictFileInteractability: false, timeouts: {implicit: 0, pageLoad: 300000, script: 30000}, unhandledPromptBehavior: dismiss and notify, webauthn:extension:credBlob: true, webauthn:extension:largeBlob: true, webauthn:extension:minPinLength: true, webauthn:extension:prf: true, webauthn:virtualAuthenticators: true}
Element: [[ChromeDriver: chrome on windows (84ea5c2aaf1db28374674677d90c8a36)] -> xpath: //button[text()='Add to cart']]
Session ID: 84ea5c2aaf1db28374674677d90c8a36
at java.base/jdk.internal.reflect.NativeConstructorAccessorImpl.newInstance0(Native Method)
at java.base/jdk.internal.reflect.NativeConstructorAccessorImpl.newInstance(NativeConstructorAccessorImpl.java:77)
at java.base/jdk.internal.reflect.DelegatingConstructorAccessorImpl.newInstance(DelegatingConstructorAccessorImpl.java:45)
at java.base/java.lang.reflect.Constructor.newInstanceWithCaller(Constructor.java:499)
at java.base/java.lang.reflect.Constructor.newInstance(Constructor.java:480)
at org.openqa.selenium.remote.ErrorCodec.decode(ErrorCodec.java:167)
at org.openqa.selenium.remote.codec.w3c.W3CHttpResponseCodec.decode(W3CHttpResponseCodec.java:138)
at org.openqa.selenium.remote.codec.w3c.W3CHttpResponseCodec.decode(W3CHttpResponseCodec.java:50)
at org.openqa.selenium.remote.HttpCommandExecutor.execute(HttpCommandExecutor.java:190)
at org.openqa.selenium.remote.service.DriverCommandExecutor.invokeExecute(DriverCommandExecutor.java:216)
at org.openqa.selenium.remote.service.DriverCommandExecutor.execute(DriverCommandExecutor.java:174)
at org.openqa.selenium.remote.RemoteWebDriver.execute(RemoteWebDriver.java:519)
at org.openqa.selenium.remote.RemoteWebElement.execute(RemoteWebElement.java:223)
at org.openqa.selenium.remote.RemoteWebElement.click(RemoteWebElement.java:76)
at java.base/jdk.internal.reflect.NativeMethodAccessorImpl.invoke0(Native Method)
at java.base/jdk.internal.reflect.NativeMethodAccessorImpl.invoke(NativeMethodAccessorImpl.java:77)
at java.base/jdk.internal.reflect.DelegatingMethodAccessorImpl.invoke(DelegatingMethodAccessorImpl.java:43)
at java.base/java.lang.reflect.Method.invoke(Method.java:568)
at org.openqa.selenium.support.pagefactory.internal.LocatingElementHandler.invoke(LocatingElementHandler.java:51)
at jdk.proxy2/jdk.proxy2.$Proxy15.click(Unknown Source)
at com.priceFlipkrt.testScripts.flipkrt_price.flipkrtPrice(flipkrt_price.java:17)
at java.base/jdk.internal.reflect.NativeMethodAccessorImpl.invoke0(Native Method)
at java.base/jdk.internal.reflect.NativeMethodAccessorImpl.invoke(NativeMethodAccessorImpl.java:77)
at java.base/jdk.internal.reflect.DelegatingMethodAccessorImpl.invoke(DelegatingMethodAccessorImpl.java:43)
at java.base/java.lang.reflect.Method.invoke(Method.java:568)
at org.testng.internal.invokers.MethodInvocationHelper.invokeMethod(MethodInvocationHelper.java:139)
at org.testng.internal.invokers.TestInvoker.invokeMethod(TestInvoker.java:664)
at org.testng.internal.invokers.TestInvoker.invokeTestMethod(TestInvoker.java:228)
at org.testng.internal.invokers.MethodRunner.runInSequence(MethodRunner.java:63)
at org.testng.internal.invokers.TestInvoker$MethodInvocationAgent.invoke(TestInvoker.java:961)
at org.testng.internal.invokers.TestInvoker.invokeTestMethods(TestInvoker.java:201)
at org.testng.internal.invokers.TestMethodWorker.invokeTestMethods(TestMethodWorker.java:148)
at org.testng.internal.invokers.TestMethodWorker.run(TestMethodWorker.java:128)
at java.base/java.util.ArrayList.forEach(ArrayList.java:1511)
at org.testng.TestRunner.privateRun(TestRunner.java:819)
at org.testng.TestRunner.run(TestRunner.java:619)
at org.testng.SuiteRunner.runTest(SuiteRunner.java:443)
at org.testng.SuiteRunner.runSequentially(SuiteRunner.java:437)
at org.testng.SuiteRunner.privateRun(SuiteRunner.java:397)
at org.testng.SuiteRunner.run(SuiteRunner.java:336)
at org.testng.SuiteRunnerWorker.runSuite(SuiteRunnerWorker.java:52)
at org.testng.SuiteRunnerWorker.run(SuiteRunnerWorker.java:95)
at org.testng.TestNG.runSuitesSequentially(TestNG.java:1301)
at org.testng.TestNG.runSuitesLocally(TestNG.java:1228)
at org.testng.TestNG.runSuites(TestNG.java:1134)
at org.testng.TestNG.run(TestNG.java:1101)
at org.apache.maven.surefire.testng.TestNGExecutor.run(TestNGExecutor.java:308)
at org.apache.maven.surefire.testng.TestNGXmlTestSuite.execute(TestNGXmlTestSuite.java:71)
at org.apache.maven.surefire.testng.TestNGProvider.invoke(TestNGProvider.java:113)
at org.apache.maven.surefire.booter.ForkedBooter.runSuitesInProcess(ForkedBooter.java:385)
at org.apache.maven.surefire.booter.ForkedBooter.execute(ForkedBooter.java:162)
at org.apache.maven.surefire.booter.ForkedBooter.run(ForkedBooter.java:507)
at org.apache.maven.surefire.booter.ForkedBooter.main(ForkedBooter.java:495)
]]>
            </full-stacktrace>
          </exception> <!-- org.openqa.selenium.StaleElementReferenceException -->
          <reporter-output>
          </reporter-output>
        </test-method> <!-- flipkrtPrice -->
        <test-method is-config="true" signature="fterMethod()[pri:0, instance:com.priceFlipkrt.testScripts.flipkrt_price@32eff876]" started-at="2024-04-16T09:51:49 IST" name="fterMethod" finished-at="2024-04-16T09:51:52 IST" duration-ms="3003" status="PASS">
          <reporter-output>
          </reporter-output>
        </test-method> <!-- fterMethod -->
        <test-method is-config="true" signature="fterClss()[pri:0, instance:com.priceFlipkrt.testScripts.flipkrt_price@32eff876]" started-at="2024-04-16T09:51:52 IST" name="fterClss" finished-at="2024-04-16T09:51:53 IST" duration-ms="1023" status="PASS">
          <reporter-output>
          </reporter-output>
        </test-method> <!-- fterClss -->
        <test-method is-config="true" signature="fterTest()[pri:0, instance:com.priceFlipkrt.testScripts.flipkrt_price@32eff876]" started-at="2024-04-16T09:51:53 IST" name="fterTest" finished-at="2024-04-16T09:51:53 IST" duration-ms="1" status="PASS">
          <reporter-output>
          </reporter-output>
        </test-method> <!-- fterTest -->
        <test-method is-config="true" signature="fterSuite()[pri:0, instance:com.priceFlipkrt.testScripts.flipkrt_price@32eff876]" started-at="2024-04-16T09:51:53 IST" name="fterSuite" finished-at="2024-04-16T09:51:53 IST" duration-ms="2" status="PASS">
          <reporter-output>
          </reporter-output>
        </test-method> <!-- fterSuite -->
      </class> <!-- com.priceFlipkrt.testScripts.flipkrt_price -->
    </test> <!-- Test -->
  </suite> <!-- Suite -->
</testng-results>
